<?xml version="1.0" encoding="UTF-8"?>
<coverage generated="1590960793218" clover="3.2.0">
  <project timestamp="1590960793218" name="All files">
    <metrics statements="25" coveredstatements="25" conditionals="12" coveredconditionals="12" methods="6" coveredmethods="6" elements="43" coveredelements="43" complexity="0" loc="25" ncloc="25" packages="1" files="2" classes="2"/>
    <file name="encoder.ts" path="/Users/lv/Github/encoder-lvcode/src/encoder.ts">
      <metrics statements="10" coveredstatements="10" conditionals="10" coveredconditionals="10" methods="3" coveredmethods="3"/>
      <line num="2" count="1" type="stmt"/>
      <line num="5" count="1" type="stmt"/>
      <line num="7" count="3" type="cond" truecount="2" falsecount="0"/>
      <line num="8" count="1" type="stmt"/>
      <line num="12" count="2" type="cond" truecount="2" falsecount="0"/>
      <line num="13" count="1" type="stmt"/>
      <line num="18" count="1" type="stmt"/>
      <line num="21" count="5" type="cond" truecount="6" falsecount="0"/>
      <line num="24" count="1" type="stmt"/>
      <line num="33" count="1" type="stmt"/>
    </file>
    <file name="fs-ops.ts" path="/Users/lv/Github/encoder-lvcode/src/fs-ops.ts">
      <metrics statements="15" coveredstatements="15" conditionals="2" coveredconditionals="2" methods="3" coveredmethods="3"/>
      <line num="1" count="1" type="stmt"/>
      <line num="2" count="1" type="stmt"/>
      <line num="6" count="1" type="stmt"/>
      <line num="7" count="6" type="stmt"/>
      <line num="8" count="6" type="cond" truecount="2" falsecount="0"/>
      <line num="9" count="2" type="stmt"/>
      <line num="10" count="2" type="stmt"/>
      <line num="13" count="1" type="stmt"/>
      <line num="14" count="1" type="stmt"/>
      <line num="15" count="1" type="stmt"/>
      <line num="16" count="1" type="stmt"/>
      <line num="19" count="1" type="stmt"/>
      <line num="20" count="1" type="stmt"/>
      <line num="21" count="1" type="stmt"/>
      <line num="22" count="1" type="stmt"/>
    </file>
  </project>
</coverage>
