{"/Users/lv/Github/encoder-lvcode/src/encoder.ts": {"path":"/Users/lv/Github/encoder-lvcode/src/encoder.ts","statementMap":{"0":{"start":{"line":2,"column":0},"end":{"line":2,"column":39}},"1":{"start":{"line":7,"column":4},"end":{"line":10,"column":null}},"2":{"start":{"line":8,"column":8},"end":{"line":9,"column":null}},"3":{"start":{"line":12,"column":4},"end":{"line":15,"column":null}},"4":{"start":{"line":13,"column":8},"end":{"line":14,"column":null}},"5":{"start":{"line":5,"column":0},"end":{"line":5,"column":16}},"6":{"start":{"line":21,"column":8},"end":{"line":21,"column":null}},"7":{"start":{"line":24,"column":33},"end":{"line":31,"column":null}},"8":{"start":{"line":33,"column":4},"end":{"line":33,"column":null}},"9":{"start":{"line":18,"column":0},"end":{"line":18,"column":16}}},"fnMap":{"0":{"name":"validateCompatibility","decl":{"start":{"line":5,"column":16},"end":{"line":5,"column":37}},"loc":{"start":{"line":5,"column":86},"end":{"line":16,"column":1}}},"1":{"name":"encode","decl":{"start":{"line":18,"column":16},"end":{"line":18,"column":22}},"loc":{"start":{"line":18,"column":38},"end":{"line":34,"column":1}}},"2":{"name":"asString","decl":{"start":{"line":20,"column":13},"end":{"line":20,"column":21}},"loc":{"start":{"line":20,"column":44},"end":{"line":22,"column":5}}}},"branchMap":{"0":{"loc":{"start":{"line":7,"column":4},"end":{"line":10,"column":null}},"type":"if","locations":[{"start":{"line":7,"column":4},"end":{"line":10,"column":null}},{"start":{"line":7,"column":4},"end":{"line":10,"column":null}}]},"1":{"loc":{"start":{"line":12,"column":4},"end":{"line":15,"column":null}},"type":"if","locations":[{"start":{"line":12,"column":4},"end":{"line":15,"column":null}},{"start":{"line":12,"column":4},"end":{"line":15,"column":null}}]},"2":{"loc":{"start":{"line":21,"column":15},"end":{"line":21,"column":41}},"type":"binary-expr","locations":[{"start":{"line":21,"column":15},"end":{"line":21,"column":41}},{"start":{"line":21,"column":41},"end":{"line":21,"column":43}}]},"3":{"loc":{"start":{"line":21,"column":20},"end":{"line":21,"column":22}},"type":"cond-expr","locations":[{"start":{"line":21,"column":20},"end":{"line":21,"column":22}},{"start":{"line":21,"column":15},"end":{"line":21,"column":41}}]},"4":{"loc":{"start":{"line":21,"column":15},"end":{"line":21,"column":22}},"type":"binary-expr","locations":[{"start":{"line":21,"column":15},"end":{"line":21,"column":22}},{"start":{"line":21,"column":15},"end":{"line":21,"column":22}}]}},"s":{"0":1,"1":3,"2":1,"3":2,"4":1,"5":1,"6":5,"7":1,"8":1,"9":1},"f":{"0":3,"1":1,"2":5},"b":{"0":[1,2],"1":[1,1],"2":[5,2],"3":[1,4],"4":[5,5]}}
,"/Users/lv/Github/encoder-lvcode/src/fs-ops.ts": {"path":"/Users/lv/Github/encoder-lvcode/src/fs-ops.ts","statementMap":{"0":{"start":{"line":1,"column":0},"end":{"line":1,"column":30}},"1":{"start":{"line":2,"column":0},"end":{"line":2,"column":20}},"2":{"start":{"line":7,"column":16},"end":{"line":7,"column":38}},"3":{"start":{"line":8,"column":4},"end":{"line":8,"column":40}},"4":{"start":{"line":8,"column":28},"end":{"line":8,"column":40}},"5":{"start":{"line":9,"column":4},"end":{"line":9,"column":23}},"6":{"start":{"line":10,"column":4},"end":{"line":10,"column":22}},"7":{"start":{"line":6,"column":0},"end":{"line":6,"column":16}},"8":{"start":{"line":14,"column":23},"end":{"line":14,"column":52}},"9":{"start":{"line":15,"column":28},"end":{"line":15,"column":50}},"10":{"start":{"line":16,"column":4},"end":{"line":16,"column":null}},"11":{"start":{"line":13,"column":0},"end":{"line":13,"column":16}},"12":{"start":{"line":20,"column":21},"end":{"line":20,"column":59}},"13":{"start":{"line":21,"column":4},"end":{"line":21,"column":null}},"14":{"start":{"line":22,"column":4},"end":{"line":22,"column":null}},"15":{"start":{"line":19,"column":0},"end":{"line":19,"column":16}}},"fnMap":{"0":{"name":"createSubdirs","decl":{"start":{"line":6,"column":16},"end":{"line":6,"column":29}},"loc":{"start":{"line":6,"column":45},"end":{"line":11,"column":1}}},"1":{"name":"parseFile","decl":{"start":{"line":13,"column":16},"end":{"line":13,"column":25}},"loc":{"start":{"line":13,"column":37},"end":{"line":17,"column":1}}},"2":{"name":"saveFile","decl":{"start":{"line":19,"column":16},"end":{"line":19,"column":24}},"loc":{"start":{"line":19,"column":50},"end":{"line":23,"column":1}}}},"branchMap":{"0":{"loc":{"start":{"line":8,"column":4},"end":{"line":8,"column":40}},"type":"if","locations":[{"start":{"line":8,"column":4},"end":{"line":8,"column":40}},{"start":{"line":8,"column":4},"end":{"line":8,"column":40}}]}},"s":{"0":1,"1":1,"2":6,"3":6,"4":4,"5":2,"6":2,"7":1,"8":1,"9":1,"10":1,"11":1,"12":1,"13":1,"14":1,"15":1},"f":{"0":6,"1":1,"2":1},"b":{"0":[4,2]}}
}
