TN:
SF:src/encoder.ts
FN:5,validateCompatibility
FN:18,encode
FN:20,asString
FNF:3
FNH:3
FNDA:3,validateCompatibility
FNDA:1,encode
FNDA:5,asString
DA:2,1
DA:5,1
DA:7,3
DA:8,1
DA:12,2
DA:13,1
DA:18,1
DA:21,5
DA:24,1
DA:33,1
LF:10
LH:10
BRDA:7,0,0,1
BRDA:7,0,1,2
BRDA:12,1,0,1
BRDA:12,1,1,1
BRDA:21,2,0,5
BRDA:21,2,1,2
BRDA:21,3,0,1
BRDA:21,3,1,4
BRDA:21,4,0,5
BRDA:21,4,1,5
BRF:10
BRH:10
end_of_record
TN:
SF:src/fs-ops.ts
FN:6,createSubdirs
FN:13,parseFile
FN:19,saveFile
FNF:3
FNH:3
FNDA:6,createSubdirs
FNDA:1,parseFile
FNDA:1,saveFile
DA:1,1
DA:2,1
DA:6,1
DA:7,6
DA:8,6
DA:9,2
DA:10,2
DA:13,1
DA:14,1
DA:15,1
DA:16,1
DA:19,1
DA:20,1
DA:21,1
DA:22,1
LF:15
LH:15
BRDA:8,0,0,4
BRDA:8,0,1,2
BRF:2
BRH:2
end_of_record
